Fri Aug 20 09:15:27 CST 2021
0 BuildFailed
1 BuildFailed
10 RunFailed
11 RunFailed
12 Success
13 RunFailed
14 BuildFailed
15 BuildFailed
16 BuildFailed
17 Success
18 BuildFailed
19 Success
2 BuildFailed
20 Success
21 Inconsistent
22 RunFailed
23 Inconsistent
24 Success
25 BuildFailed
26 BuildFailed
27 RunFailed
28 Success
29 RunFailed
3 RunFailed
30 BuildFailed
31 RunFailed
32 BuildFailed
33 BuildFailed
34 Inconsistent
35 RunFailed
36 RunFailed
37 Inconsistent
38 BuildFailed
39 Success
4 Inconsistent
40 BuildFailed
41 Success
42 RunFailed
43 RunFailed
44 RunFailed
45 RunFailed
46 RunFailed
47 BuildFailed
48 RunFailed
49 Success
5 RunFailed
50 RunFailed
51 BuildFailed
52 BuildFailed
53 RunFailed
54 Success
55 BuildFailed
56 RunFailed
57 RunFailed
58 Success
59 RunFailed
6 Success
60 BuildFailed
61 BuildFailed
62 Inconsistent
63 BuildFailed
64 Success
65 RunFailed
66 BuildFailed
67 Inconsistent
68 Success
69 Success
7 BuildFailed
70 BuildFailed
71 BuildFailed
72 RunFailed
73 Success
74 Success
75 BuildFailed
76 RunFailed
77 Success
78 RunFailed
79 Success
8 Success
80 BuildFailed
81 RunFailed
82 Inconsistent
83 BuildFailed
84 Success
85 RunFailed
86 Success
87 BuildFailed
88 BuildFailed
89 Inconsistent
9 RunFailed
90 BuildFailed
91 RunFailed
92 BuildFailed
93 RunFailed
94 RunFailed
95 BuildFailed
96 Success
97 BuildFailed
98 BuildFailed
99 Inconsistent
Fri Aug 20 12:55:22 CST 2021
